#
# There is insufficient memory for the Java Runtime Environment to continue.
# Native memory allocation (mmap) failed to map 268435456 bytes for G1 virtual space
# Possible reasons:
#   The system is out of physical RAM or swap space
#   The process is running with CompressedOops enabled, and the Java Heap may be blocking the growth of the native heap
# Possible solutions:
#   Reduce memory load on the system
#   Increase physical memory or swap space
#   Check if swap backing store is full
#   Decrease Java heap size (-Xmx/-Xms)
#   Decrease number of Java threads
#   Decrease Java thread stack sizes (-Xss)
#   Set larger code cache with -XX:ReservedCodeCacheSize=
#   JVM is running with Unscaled Compressed Oops mode in which the Java heap is
#     placed in the first 4GB address space. The Java Heap base address is the
#     maximum limit for the native heap growth. Please use -XX:HeapBaseMinAddress
#     to set the Java Heap base and to place the Java Heap above 4GB virtual address.
# This output file may be truncated or incomplete.
#
#  Out of Memory Error (os_windows.cpp:3829), pid=4088, tid=15128
#
# JRE version:  (17.0.8+7) (build )
# Java VM: OpenJDK 64-Bit Server VM (17.0.8+7-b1000.8, mixed mode, sharing, tiered, compressed oops, compressed class ptrs, g1 gc, windows-amd64)
# No core dump will be written. Minidumps are not enabled by default on client versions of Windows
#

---------------  S U M M A R Y ------------

Command Line: -Dorg.sqlite.tmpdir=C:\Users\Mateusz Parasiak\AppData\Local\JetBrains\PyCharm2023.2\jdbc-native-deps\Xerial SQLiteJDBC\3.43.0\sqlite-jdbc-3.43.0.0\libs -Djava.rmi.server.hostname=127.0.0.1 -Duser.timezone=UTC -Xmx2048m -Xms256m -Djna.boot.library.path=C:\Program Files\JetBrains\PyCharm 2023.2.1/lib/jna/amd64 -Djna.nosys=true -Djna.noclasspath=true -Djdbc.classpath=C:\Program Files\JetBrains\PyCharm 2023.2.1\plugins\DatabaseTools\lib\jdbc-console.jar;C:\Users\Mateusz Parasiak\AppData\Roaming\JetBrains\PyCharm2023.2\jdbc-drivers\Xerial SQLiteJDBC\3.43.0\sqlite-jdbc-3.43.0.0.jar --add-exports=java.desktop/sun.awt=ALL-UNNAMED --add-exports=java.desktop/java.awt.peer=ALL-UNNAMED --add-opens=java.desktop/java.awt=ALL-UNNAMED --add-opens=jdk.unsupported/sun.misc=ALL-UNNAMED --add-opens=java.base/java.nio=ALL-UNNAMED --add-opens=java.base/java.util=ALL-UNNAMED -Dfile.encoding=UTF-8 com.intellij.database.remote.RemoteJdbcServer org.sqlite.JDBC

Host: 11th Gen Intel(R) Core(TM) i5-1135G7 @ 2.40GHz, 8 cores, 7G,  Windows 10 , 64 bit Build 19041 (10.0.19041.2913)
Time: Thu Sep 14 09:15:24 2023 Europa Zachodnia (czas letni) elapsed time: 0.011278 seconds (0d 0h 0m 0s)

---------------  T H R E A D  ---------------

Current thread (0x000001baab0eba10):  JavaThread "Unknown thread" [_thread_in_vm, id=15128, stack(0x0000004d3ae00000,0x0000004d3af00000)]

Stack: [0x0000004d3ae00000,0x0000004d3af00000]
Native frames: (J=compiled Java code, j=interpreted, Vv=VM code, C=native code)
V  [jvm.dll+0x6852da]
V  [jvm.dll+0x844c84]
V  [jvm.dll+0x84659e]
V  [jvm.dll+0x846c03]
V  [jvm.dll+0x24b7cf]
V  [jvm.dll+0x682049]
V  [jvm.dll+0x67671a]
V  [jvm.dll+0x30be2b]
V  [jvm.dll+0x3132d6]
V  [jvm.dll+0x36302e]
V  [jvm.dll+0x36325f]
V  [jvm.dll+0x2e1f48]
V  [jvm.dll+0x2e2eb4]
V  [jvm.dll+0x815c11]
V  [jvm.dll+0x370df1]
V  [jvm.dll+0x7f4fdc]
V  [jvm.dll+0x3f3f1f]
V  [jvm.dll+0x3f5b31]
C  [jli.dll+0x528f]
C  [ucrtbase.dll+0x21bb2]
C  [KERNEL32.DLL+0x17614]
C  [ntdll.dll+0x526a1]


---------------  P R O C E S S  ---------------

Threads class SMR info:
_java_thread_list=0x00007ff83b5b0098, length=0, elements={
}

Java Threads: ( => current thread )

Other Threads:
  0x000001baab144be0 GCTaskThread "GC Thread#0" [stack: 0x0000004d3af00000,0x0000004d3b000000] [id=15140]
  0x000001baab155b30 ConcurrentGCThread "G1 Main Marker" [stack: 0x0000004d3b000000,0x0000004d3b100000] [id=11816]
  0x000001baab157550 ConcurrentGCThread "G1 Conc#0" [stack: 0x0000004d3b100000,0x0000004d3b200000] [id=2324]

[error occurred during error reporting (printing all threads), id 0xc0000005, EXCEPTION_ACCESS_VIOLATION (0xc0000005) at pc=0x00007ff83ad62ab7]

VM state: not at safepoint (not fully initialized)

VM Mutex/Monitor currently owned by a thread:  ([mutex/lock_event])
[0x000001baab0e6900] Heap_lock - owner thread: 0x000001baab0eba10

Heap address: 0x0000000080000000, size: 2048 MB, Compressed Oops mode: 32-bit

CDS archive(s) mapped at: [0x0000000000000000-0x0000000000000000-0x0000000000000000), size 0, SharedBaseAddress: 0x0000000800000000, ArchiveRelocationMode: 1.
Narrow klass base: 0x0000000000000000, Narrow klass shift: 0, Narrow klass range: 0x0

GC Precious Log:
<Empty>

Heap:
 garbage-first heap   total 0K, used 0K [0x0000000080000000, 0x0000000100000000)
  region size 1024K, 0 young (0K), 0 survivors (0K)
 Metaspace       used 0K, committed 0K, reserved 0K
  class space    used 0K, committed 0K, reserved 0K

Heap Regions: E=young(eden), S=young(survivor), O=old, HS=humongous(starts), HC=humongous(continues), CS=collection set, F=free, OA=open archive, CA=closed archive, TAMS=top-at-mark-start (previous, next)

Card table byte_map: [0x000001babfea0000,0x000001bac02a0000] _byte_map_base: 0x000001babfaa0000

Marking Bits (Prev, Next): (CMBitMap*) 0x000001baab145200, (CMBitMap*) 0x000001baab145240
 Prev Bits: [0x000001bac06a0000, 0x000001bac26a0000)
 Next Bits: [0x000001bac26a0000, 0x000001bac46a0000)

GC Heap History (0 events):
No events

Dll operation events (1 events):
Event: 0.006 Loaded shared library C:\Program Files\JetBrains\PyCharm 2023.2.1\jbr\bin\java.dll

Deoptimization events (0 events):
No events

Classes unloaded (0 events):
No events

Classes redefined (0 events):
No events

Internal exceptions (0 events):
No events

VM Operations (0 events):
No events

Events (0 events):
No events


Dynamic libraries:
0x00007ff789af0000 - 0x00007ff789afa000 	C:\Program Files\JetBrains\PyCharm 2023.2.1\jbr\bin\java.exe
0x00007ff8afd90000 - 0x00007ff8aff88000 	C:\Windows\SYSTEM32\ntdll.dll
0x00007ff8afc90000 - 0x00007ff8afd4f000 	C:\Windows\System32\KERNEL32.DLL
0x00007ff8adaf0000 - 0x00007ff8adde6000 	C:\Windows\System32\KERNELBASE.dll
0x00007ff8a7f20000 - 0x00007ff8a7fb1000 	C:\Windows\SYSTEM32\apphelp.dll
0x00007ff8ad530000 - 0x00007ff8ad630000 	C:\Windows\System32\ucrtbase.dll
0x00007ff86e050000 - 0x00007ff86e067000 	C:\Program Files\JetBrains\PyCharm 2023.2.1\jbr\bin\jli.dll
0x00007ff8afa50000 - 0x00007ff8afbed000 	C:\Windows\System32\USER32.dll
0x00007ff8adac0000 - 0x00007ff8adae2000 	C:\Windows\System32\win32u.dll
0x00007ff89ddb0000 - 0x00007ff89e04a000 	C:\Windows\WinSxS\amd64_microsoft.windows.common-controls_6595b64144ccf1df_6.0.19041.1110_none_60b5254171f9507e\COMCTL32.dll
0x00007ff8a3420000 - 0x00007ff8a343b000 	C:\Program Files\JetBrains\PyCharm 2023.2.1\jbr\bin\VCRUNTIME140.dll
0x00007ff8ae7b0000 - 0x00007ff8ae7dc000 	C:\Windows\System32\GDI32.dll
0x00007ff8adfb0000 - 0x00007ff8ae04e000 	C:\Windows\System32\msvcrt.dll
0x00007ff8ad630000 - 0x00007ff8ad745000 	C:\Windows\System32\gdi32full.dll
0x00007ff8ad970000 - 0x00007ff8ada0d000 	C:\Windows\System32\msvcp_win.dll
0x00007ff8adf20000 - 0x00007ff8adf50000 	C:\Windows\System32\IMM32.DLL
0x00007ff8a3410000 - 0x00007ff8a341c000 	C:\Program Files\JetBrains\PyCharm 2023.2.1\jbr\bin\vcruntime140_1.dll
0x00007ff89d320000 - 0x00007ff89d3ad000 	C:\Program Files\JetBrains\PyCharm 2023.2.1\jbr\bin\msvcp140.dll
0x00007ff83aa70000 - 0x00007ff83b6f3000 	C:\Program Files\JetBrains\PyCharm 2023.2.1\jbr\bin\server\jvm.dll
0x00007ff8ae450000 - 0x00007ff8ae4ff000 	C:\Windows\System32\ADVAPI32.dll
0x00007ff8afbf0000 - 0x00007ff8afc8c000 	C:\Windows\System32\sechost.dll
0x00007ff8addf0000 - 0x00007ff8adf16000 	C:\Windows\System32\RPCRT4.dll
0x00007ff89d490000 - 0x00007ff89d499000 	C:\Windows\SYSTEM32\WSOCK32.dll
0x00007ff8aca40000 - 0x00007ff8aca8b000 	C:\Windows\SYSTEM32\POWRPROF.dll
0x00007ff8ae500000 - 0x00007ff8ae56b000 	C:\Windows\System32\WS2_32.dll
0x00007ff89f860000 - 0x00007ff89f887000 	C:\Windows\SYSTEM32\WINMM.dll
0x00007ff8a1790000 - 0x00007ff8a179a000 	C:\Windows\SYSTEM32\VERSION.dll
0x00007ff8ac8b0000 - 0x00007ff8ac8c2000 	C:\Windows\SYSTEM32\UMPDC.dll
0x00007ff8abcc0000 - 0x00007ff8abcd2000 	C:\Windows\SYSTEM32\kernel.appcore.dll
0x00007ff89c510000 - 0x00007ff89c51a000 	C:\Program Files\JetBrains\PyCharm 2023.2.1\jbr\bin\jimage.dll
0x00007ff8ab9f0000 - 0x00007ff8abbd4000 	C:\Windows\SYSTEM32\DBGHELP.DLL
0x00007ff89e6a0000 - 0x00007ff89e6d4000 	C:\Windows\SYSTEM32\dbgcore.DLL
0x00007ff8ad470000 - 0x00007ff8ad4f2000 	C:\Windows\System32\bcryptPrimitives.dll
0x00007ff878280000 - 0x00007ff8782a5000 	C:\Program Files\JetBrains\PyCharm 2023.2.1\jbr\bin\java.dll

dbghelp: loaded successfully - version: 4.0.5 - missing functions: none
symbol engine: initialized successfully - sym options: 0x614 - pdb path: .;C:\Program Files\JetBrains\PyCharm 2023.2.1\jbr\bin;C:\Windows\SYSTEM32;C:\Windows\WinSxS\amd64_microsoft.windows.common-controls_6595b64144ccf1df_6.0.19041.1110_none_60b5254171f9507e;C:\Program Files\JetBrains\PyCharm 2023.2.1\jbr\bin\server

VM Arguments:
jvm_args: -Dorg.sqlite.tmpdir=C:\Users\Mateusz Parasiak\AppData\Local\JetBrains\PyCharm2023.2\jdbc-native-deps\Xerial SQLiteJDBC\3.43.0\sqlite-jdbc-3.43.0.0\libs -Djava.rmi.server.hostname=127.0.0.1 -Duser.timezone=UTC -Xmx2048m -Xms256m -Djna.boot.library.path=C:\Program Files\JetBrains\PyCharm 2023.2.1/lib/jna/amd64 -Djna.nosys=true -Djna.noclasspath=true -Djdbc.classpath=C:\Program Files\JetBrains\PyCharm 2023.2.1\plugins\DatabaseTools\lib\jdbc-console.jar;C:\Users\Mateusz Parasiak\AppData\Roaming\JetBrains\PyCharm2023.2\jdbc-drivers\Xerial SQLiteJDBC\3.43.0\sqlite-jdbc-3.43.0.0.jar --add-exports=java.desktop/sun.awt=ALL-UNNAMED --add-exports=java.desktop/java.awt.peer=ALL-UNNAMED --add-opens=java.desktop/java.awt=ALL-UNNAMED --add-opens=jdk.unsupported/sun.misc=ALL-UNNAMED --add-opens=java.base/java.nio=ALL-UNNAMED --add-opens=java.base/java.util=ALL-UNNAMED -Dfile.encoding=UTF-8 
java_command: com.intellij.database.remote.RemoteJdbcServer org.sqlite.JDBC
java_class_path (initial): C:\Program Files\JetBrains\PyCharm 2023.2.1\lib\util_rt.jar;C:\Program Files\JetBrains\PyCharm 2023.2.1\lib\util-8.jar;C:\Program Files\JetBrains\PyCharm 2023.2.1\lib\groovy.jar;C:\Program Files\JetBrains\PyCharm 2023.2.1\plugins\DatabaseTools\lib\jdbc-console.jar;C:\Program Files\JetBrains\PyCharm 2023.2.1\plugins\grid-core-impl\lib\jdbc-console-types.jar;C:\Program Files\JetBrains\PyCharm 2023.2.1\lib\util.jar;C:\Program Files\JetBrains\PyCharm 2023.2.1\lib\bouncy-castle.jar
Launcher Type: SUN_STANDARD

[Global flags]
     intx CICompilerCount                          = 4                                         {product} {ergonomic}
     uint ConcGCThreads                            = 2                                         {product} {ergonomic}
     uint G1ConcRefinementThreads                  = 8                                         {product} {ergonomic}
   size_t G1HeapRegionSize                         = 1048576                                   {product} {ergonomic}
    uintx GCDrainStackTargetSize                   = 64                                        {product} {ergonomic}
   size_t InitialHeapSize                          = 268435456                                 {product} {command line}
   size_t MarkStackSize                            = 4194304                                   {product} {ergonomic}
   size_t MaxHeapSize                              = 2147483648                                {product} {command line}
   size_t MinHeapDeltaBytes                        = 1048576                                   {product} {ergonomic}
   size_t MinHeapSize                              = 268435456                                 {product} {command line}
    uintx NonNMethodCodeHeapSize                   = 5839372                                {pd product} {ergonomic}
    uintx NonProfiledCodeHeapSize                  = 122909434                              {pd product} {ergonomic}
    uintx ProfiledCodeHeapSize                     = 122909434                              {pd product} {ergonomic}
    uintx ReservedCodeCacheSize                    = 251658240                              {pd product} {ergonomic}
     bool SegmentedCodeCache                       = true                                      {product} {ergonomic}
   size_t SoftMaxHeapSize                          = 2147483648                             {manageable} {ergonomic}
     bool UseCompressedClassPointers               = true                           {product lp64_product} {ergonomic}
     bool UseCompressedOops                        = true                           {product lp64_product} {ergonomic}
     bool UseG1GC                                  = true                                      {product} {ergonomic}
     bool UseLargePagesIndividualAllocation        = false                                  {pd product} {ergonomic}

Logging:
Log output configuration:
 #0: stdout all=warning uptime,level,tags
 #1: stderr all=off uptime,level,tags

Environment Variables:
PATH=C:\Windows\system32;C:\Windows;C:\Windows\System32\Wbem;C:\Windows\System32\WindowsPowerShell\v1.0\;C:\Windows\System32\OpenSSH\;C:\Program Files\dotnet\;C:\Program Files\Git\cmd;C:\Users\Mateusz Parasiak\AppData\Local\Microsoft\WindowsApps;C:\Users\Mateusz Parasiak\AppData\Local\Programs\Microsoft VS Code\bin;C:\Users\Mateusz Parasiak\AppData\Local\Programs\Python\Python39\Scripts;C:\Users\Mateusz Parasiak\AppData\Local\Programs\Python\Python39;
USERNAME=Mateusz Parasiak
OS=Windows_NT
PROCESSOR_IDENTIFIER=Intel64 Family 6 Model 140 Stepping 1, GenuineIntel
TMP=C:\Users\MATEUS~1\AppData\Local\Temp
TEMP=C:\Users\MATEUS~1\AppData\Local\Temp


JNI global refs:
JNI global refs: 0, weak refs: 0

JNI global refs memory usage: 0, weak refs: 0

OOME stack traces (most recent first):
Classloader memory used:


---------------  S Y S T E M  ---------------

OS:
 Windows 10 , 64 bit Build 19041 (10.0.19041.2913)
OS uptime: 1 days 20:06 hours

CPU: total 8 (initial active 8) (4 cores per cpu, 2 threads per core) family 6 model 140 stepping 1 microcode 0xa4, cx8, cmov, fxsr, ht, mmx, 3dnowpref, sse, sse2, sse3, ssse3, sse4.1, sse4.2, popcnt, lzcnt, tsc, tscinvbit, avx, avx2, aes, erms, clmul, bmi1, bmi2, adx, avx512f, avx512dq, avx512cd, avx512bw, avx512vl, sha, fma, vzeroupper, avx512_vpopcntdq, avx512_vpclmulqdq, avx512_vaes, avx512_vnni, clflush, clflushopt, clwb, avx512_vbmi2, avx512_vbmi
Processor Information for processor 0
  Max Mhz: 1382, Current Mhz: 987, Mhz Limit: 1382
Processor Information for processor 1
  Max Mhz: 1382, Current Mhz: 1382, Mhz Limit: 1382
Processor Information for processor 2
  Max Mhz: 1382, Current Mhz: 987, Mhz Limit: 1382
Processor Information for processor 3
  Max Mhz: 1382, Current Mhz: 1382, Mhz Limit: 1382
Processor Information for processor 4
  Max Mhz: 1382, Current Mhz: 1382, Mhz Limit: 1382
Processor Information for processor 5
  Max Mhz: 1382, Current Mhz: 987, Mhz Limit: 1382
Processor Information for processor 6
  Max Mhz: 1382, Current Mhz: 1382, Mhz Limit: 1382
Processor Information for processor 7
  Max Mhz: 1382, Current Mhz: 1382, Mhz Limit: 1382

Memory: 4k page, system-wide physical 7934M (1482M free)
TotalPageFile size 8958M (AvailPageFile size 207M)
current process WorkingSet (physical memory assigned to process): 11M, peak: 11M
current process commit charge ("private bytes"): 60M, peak: 316M

vm_info: OpenJDK 64-Bit Server VM (17.0.8+7-b1000.8) for windows-amd64 JRE (17.0.8+7-b1000.8), built on 2023-08-04 by "builduser" with MS VC++ 16.10 / 16.11 (VS2019)

END.
